[     223ms] [INFO] Executing inline script violates the following Content Security Policy directive 'script-src 'self' https://*.posthog.com https://www.youtube.com https://fast.wistia.com https://import-cdn.default.com'. Either the 'unsafe-inline' keyword, a hash ('sha256-v1oYH69RcooFs6F5XhMTzHiWlftYwnuQHDxIz0suNeo='), or a nonce ('nonce-...') is required to enable inline execution. The policy is report-only, so the violation has been logged but no further action has been taken. @ https://posthog.com/:4
[     522ms] [INFO] Executing inline script violates the following Content Security Policy directive 'script-src 'self' https://*.posthog.com https://www.youtube.com https://fast.wistia.com https://import-cdn.default.com'. Either the 'unsafe-inline' keyword, a hash ('sha256-1G2J/j/PCsD6xB3oGLBH1jw5m++oQmkG5ItfhTCsyeY='), or a nonce ('nonce-...') is required to enable inline execution. The policy is report-only, so the violation has been logged but no further action has been taken. @ https://posthog.com/:206
[     522ms] [INFO] Executing inline script violates the following Content Security Policy directive 'script-src 'self' https://*.posthog.com https://www.youtube.com https://fast.wistia.com https://import-cdn.default.com'. Either the 'unsafe-inline' keyword, a hash ('sha256-3ZcbO5X5doQd2oJ5dqf+Z205m6HGSHRf1L8HPRQEhEk='), or a nonce ('nonce-...') is required to enable inline execution. The policy is report-only, so the violation has been logged but no further action has been taken. @ https://posthog.com/:206
[    1056ms] Error: Minified React error #418; visit https://reactjs.org/docs/error-decoder.html?invariant=418 for the full message or use the non-minified dev environment for full errors and additional helpful warnings.
    at pa (https://posthog.com/app-354d494b92f2691e1be8.js:2:2216453)
    at Ks (https://posthog.com/app-354d494b92f2691e1be8.js:2:2251798)
    at xc (https://posthog.com/app-354d494b92f2691e1be8.js:2:2276658)
    at bc (https://posthog.com/app-354d494b92f2691e1be8.js:2:2276398)
    at yc (https://posthog.com/app-354d494b92f2691e1be8.js:2:2276265)
    at gc (https://posthog.com/app-354d494b92f2691e1be8.js:2:2276128)
    at oc (https://posthog.com/app-354d494b92f2691e1be8.js:2:2271291)
    at _ (https://posthog.com/app-354d494b92f2691e1be8.js:2:4315125)
    at MessagePort.E (https://posthog.com/app-354d494b92f2691e1be8.js:2:4315657)
[    1057ms] Error: Minified React error #418; visit https://reactjs.org/docs/error-decoder.html?invariant=418 for the full message or use the non-minified dev environment for full errors and additional helpful warnings.
    at ua (https://posthog.com/app-354d494b92f2691e1be8.js:2:2215993)
    at kl (https://posthog.com/app-354d494b92f2691e1be8.js:2:2288779)
    at bc (https://posthog.com/app-354d494b92f2691e1be8.js:2:2276337)
    at yc (https://posthog.com/app-354d494b92f2691e1be8.js:2:2276265)
    at gc (https://posthog.com/app-354d494b92f2691e1be8.js:2:2276128)
    at oc (https://posthog.com/app-354d494b92f2691e1be8.js:2:2271291)
    at _ (https://posthog.com/app-354d494b92f2691e1be8.js:2:4315125)
    at MessagePort.E (https://posthog.com/app-354d494b92f2691e1be8.js:2:4315657)
[    1057ms] Error: Minified React error #418; visit https://reactjs.org/docs/error-decoder.html?invariant=418 for the full message or use the non-minified dev environment for full errors and additional helpful warnings.
    at ua (https://posthog.com/app-354d494b92f2691e1be8.js:2:2215993)
    at kl (https://posthog.com/app-354d494b92f2691e1be8.js:2:2288779)
    at bc (https://posthog.com/app-354d494b92f2691e1be8.js:2:2276337)
    at yc (https://posthog.com/app-354d494b92f2691e1be8.js:2:2276265)
    at gc (https://posthog.com/app-354d494b92f2691e1be8.js:2:2276128)
    at oc (https://posthog.com/app-354d494b92f2691e1be8.js:2:2271291)
    at _ (https://posthog.com/app-354d494b92f2691e1be8.js:2:4315125)
    at MessagePort.E (https://posthog.com/app-354d494b92f2691e1be8.js:2:4315657)
[    1057ms] Error: Minified React error #418; visit https://reactjs.org/docs/error-decoder.html?invariant=418 for the full message or use the non-minified dev environment for full errors and additional helpful warnings.
    at ua (https://posthog.com/app-354d494b92f2691e1be8.js:2:2215993)
    at kl (https://posthog.com/app-354d494b92f2691e1be8.js:2:2288779)
    at bc (https://posthog.com/app-354d494b92f2691e1be8.js:2:2276337)
    at yc (https://posthog.com/app-354d494b92f2691e1be8.js:2:2276265)
    at gc (https://posthog.com/app-354d494b92f2691e1be8.js:2:2276128)
    at oc (https://posthog.com/app-354d494b92f2691e1be8.js:2:2271291)
    at _ (https://posthog.com/app-354d494b92f2691e1be8.js:2:4315125)
    at MessagePort.E (https://posthog.com/app-354d494b92f2691e1be8.js:2:4315657)
[    1057ms] Error: Minified React error #418; visit https://reactjs.org/docs/error-decoder.html?invariant=418 for the full message or use the non-minified dev environment for full errors and additional helpful warnings.
    at ua (https://posthog.com/app-354d494b92f2691e1be8.js:2:2215993)
    at kl (https://posthog.com/app-354d494b92f2691e1be8.js:2:2288779)
    at bc (https://posthog.com/app-354d494b92f2691e1be8.js:2:2276337)
    at yc (https://posthog.com/app-354d494b92f2691e1be8.js:2:2276265)
    at gc (https://posthog.com/app-354d494b92f2691e1be8.js:2:2276128)
    at oc (https://posthog.com/app-354d494b92f2691e1be8.js:2:2271291)
    at _ (https://posthog.com/app-354d494b92f2691e1be8.js:2:4315125)
    at MessagePort.E (https://posthog.com/app-354d494b92f2691e1be8.js:2:4315657)
[    1057ms] Error: Minified React error #418; visit https://reactjs.org/docs/error-decoder.html?invariant=418 for the full message or use the non-minified dev environment for full errors and additional helpful warnings.
    at ua (https://posthog.com/app-354d494b92f2691e1be8.js:2:2215993)
    at kl (https://posthog.com/app-354d494b92f2691e1be8.js:2:2288779)
    at bc (https://posthog.com/app-354d494b92f2691e1be8.js:2:2276337)
    at yc (https://posthog.com/app-354d494b92f2691e1be8.js:2:2276265)
    at gc (https://posthog.com/app-354d494b92f2691e1be8.js:2:2276128)
    at oc (https://posthog.com/app-354d494b92f2691e1be8.js:2:2271291)
    at _ (https://posthog.com/app-354d494b92f2691e1be8.js:2:4315125)
    at MessagePort.E (https://posthog.com/app-354d494b92f2691e1be8.js:2:4315657)
[    1057ms] Error: Minified React error #418; visit https://reactjs.org/docs/error-decoder.html?invariant=418 for the full message or use the non-minified dev environment for full errors and additional helpful warnings.
    at ua (https://posthog.com/app-354d494b92f2691e1be8.js:2:2215993)
    at kl (https://posthog.com/app-354d494b92f2691e1be8.js:2:2288779)
    at bc (https://posthog.com/app-354d494b92f2691e1be8.js:2:2276337)
    at yc (https://posthog.com/app-354d494b92f2691e1be8.js:2:2276265)
    at gc (https://posthog.com/app-354d494b92f2691e1be8.js:2:2276128)
    at oc (https://posthog.com/app-354d494b92f2691e1be8.js:2:2271291)
    at _ (https://posthog.com/app-354d494b92f2691e1be8.js:2:4315125)
    at MessagePort.E (https://posthog.com/app-354d494b92f2691e1be8.js:2:4315657)
[    1057ms] Error: Minified React error #418; visit https://reactjs.org/docs/error-decoder.html?invariant=418 for the full message or use the non-minified dev environment for full errors and additional helpful warnings.
    at ua (https://posthog.com/app-354d494b92f2691e1be8.js:2:2215993)
    at kl (https://posthog.com/app-354d494b92f2691e1be8.js:2:2288779)
    at bc (https://posthog.com/app-354d494b92f2691e1be8.js:2:2276337)
    at yc (https://posthog.com/app-354d494b92f2691e1be8.js:2:2276265)
    at gc (https://posthog.com/app-354d494b92f2691e1be8.js:2:2276128)
    at oc (https://posthog.com/app-354d494b92f2691e1be8.js:2:2271291)
    at _ (https://posthog.com/app-354d494b92f2691e1be8.js:2:4315125)
    at MessagePort.E (https://posthog.com/app-354d494b92f2691e1be8.js:2:4315657)
[    1057ms] Error: Minified React error #418; visit https://reactjs.org/docs/error-decoder.html?invariant=418 for the full message or use the non-minified dev environment for full errors and additional helpful warnings.
    at ua (https://posthog.com/app-354d494b92f2691e1be8.js:2:2215993)
    at kl (https://posthog.com/app-354d494b92f2691e1be8.js:2:2288779)
    at bc (https://posthog.com/app-354d494b92f2691e1be8.js:2:2276337)
    at yc (https://posthog.com/app-354d494b92f2691e1be8.js:2:2276265)
    at gc (https://posthog.com/app-354d494b92f2691e1be8.js:2:2276128)
    at oc (https://posthog.com/app-354d494b92f2691e1be8.js:2:2271291)
    at _ (https://posthog.com/app-354d494b92f2691e1be8.js:2:4315125)
    at MessagePort.E (https://posthog.com/app-354d494b92f2691e1be8.js:2:4315657)
[    1057ms] Error: Minified React error #423; visit https://reactjs.org/docs/error-decoder.html?invariant=423 for the full message or use the non-minified dev environment for full errors and additional helpful warnings.
    at kl (https://posthog.com/app-354d494b92f2691e1be8.js:2:2288465)
    at bc (https://posthog.com/app-354d494b92f2691e1be8.js:2:2276337)
    at yc (https://posthog.com/app-354d494b92f2691e1be8.js:2:2276265)
    at gc (https://posthog.com/app-354d494b92f2691e1be8.js:2:2276128)
    at ac (https://posthog.com/app-354d494b92f2691e1be8.js:2:2272963)
    at oc (https://posthog.com/app-354d494b92f2691e1be8.js:2:2271518)
    at _ (https://posthog.com/app-354d494b92f2691e1be8.js:2:4315125)
    at MessagePort.E (https://posthog.com/app-354d494b92f2691e1be8.js:2:4315657)
[    1639ms] [INFO] Evaluating a string as JavaScript violates the following Content Security Policy directive because 'unsafe-eval' is not an allowed source of script: "script-src 'self' https://*.posthog.com https://www.youtube.com https://fast.wistia.com https://import-cdn.default.com".
 The policy is report-only, so the violation has been logged but no further action has been taken. @ https://posthog.com/app-354d494b92f2691e1be8.js:1
